<?xml version="1.0" encoding="UTF-8"?>
<!-- Generated by org.testng.reporters.JUnitXMLReporter -->
<testsuite ignored="2" hostname="DESKTOP-IQ2M59A" failures="0" tests="2" name="Test1" time="29.187" errors="0" timestamp="2026-04-17T19:51:19 IST">
  <testcase classname="com.mystore.testcases.TC_MyAccountPageTestDataDrivan" name="verifyLogin" time="6.083"/>
  <testcase classname="com.mystore.testcases.TC_MyAccountPageTestDataDrivan" name="verifyLogin" time="3.83"/>
  <testcase classname="com.mystore.testcases.TC_MyAccountPageTestDataDrivan" name="Login" time="0.0">
    <ignored/>
  </testcase> <!-- Login -->
  <testcase classname="com.mystore.testcases.TC_MyAccountPageTestDataDrivan" name="VerifyUserregistrationandlogin" time="0.0">
    <ignored/>
  </testcase> <!-- VerifyUserregistrationandlogin -->
</testsuite> <!-- Test1 -->
