<?xml version="1.0" encoding="UTF-8"?>
<!-- Generated by org.testng.reporters.JUnitXMLReporter -->
<testsuite ignored="2" hostname="DESKTOP-IQ2M59A" failures="0" tests="2" name="Test1" time="27.312" errors="0" timestamp="2025-01-27T23:27:41 IST">
  <testcase classname="com.mystore.testcases.TC_MyAccountPageTestDataDrivan" name="verifyLogin" time="3.176"/>
  <testcase classname="com.mystore.testcases.TC_MyAccountPageTestDataDrivan" name="verifyLogin" time="3.669"/>
  <testcase classname="com.mystore.testcases.TC_MyAccountPageTestDataDrivan" name="VerifyUserregistrationandlogin" time="0.0">
    <ignored/>
  </testcase> <!-- VerifyUserregistrationandlogin -->
  <testcase classname="com.mystore.testcases.TC_MyAccountPageTestDataDrivan" name="Login" time="0.0">
    <ignored/>
  </testcase> <!-- Login -->
</testsuite> <!-- Test1 -->
