<?xml version="1.0" encoding="UTF-8"?>
<!-- Generated by org.testng.reporters.JUnitXMLReporter -->
<testsuite ignored="2" hostname="DESKTOP-IQ2M59A" failures="0" tests="2" name="Test1" time="67.617" errors="0" timestamp="2026-04-17T19:18:50 IST">
  <testcase classname="com.mystore.testcases.TC_MyAccountPageTestDataDrivan" name="verifyLogin" time="29.886"/>
  <testcase classname="com.mystore.testcases.TC_MyAccountPageTestDataDrivan" name="verifyLogin" time="4.789"/>
  <testcase classname="com.mystore.testcases.TC_MyAccountPageTestDataDrivan" name="VerifyUserregistrationandlogin" time="0.0">
    <ignored/>
  </testcase> <!-- VerifyUserregistrationandlogin -->
  <testcase classname="com.mystore.testcases.TC_MyAccountPageTestDataDrivan" name="Login" time="0.0">
    <ignored/>
  </testcase> <!-- Login -->
</testsuite> <!-- Test1 -->
