<?xml version="1.0" encoding="UTF-8"?>
<testng-results ignored="2" total="4" passed="2" failed="0" skipped="0">
  <reporter-output>
  </reporter-output>
  <suite started-at="2025-01-27T18:06:18 IST" name="SuiteFirst" finished-at="2025-01-27T18:07:05 IST" duration-ms="46538">
    <groups>
    </groups>
    <test started-at="2025-01-27T18:06:18 IST" name="Test1" finished-at="2025-01-27T18:07:05 IST" duration-ms="46538">
      <class name="com.mystore.testcases.TC_MyAccountPageTestDataDrivan">
        <test-method is-config="true" signature="setup()[pri:0, instance:com.mystore.testcases.TC_MyAccountPageTestDataDrivan@65c7a252]" started-at="2025-01-27T18:06:19 IST" name="setup" finished-at="2025-01-27T18:06:52 IST" duration-ms="32877" status="PASS">
          <reporter-output>
          </reporter-output>
        </test-method> <!-- setup -->
        <test-method signature="verifyLogin(java.lang.String,java.lang.String,java.lang.String)[pri:0, instance:com.mystore.testcases.TC_MyAccountPageTestDataDrivan@65c7a252]" started-at="2025-01-27T18:06:55 IST" name="verifyLogin" data-provider="LoginDataProvider" finished-at="2025-01-27T18:07:00 IST" duration-ms="4280" status="PASS">
          <params>
            <param index="0">
              <value>
                <![CDATA[Moreshwar]]>
              </value>
            </param>
            <param index="1">
              <value>
                <![CDATA[Ganesh123]]>
              </value>
            </param>
            <param index="2">
              <value>
                <![CDATA[Welcome back Moreshwar]]>
              </value>
            </param>
          </params>
          <reporter-output>
          </reporter-output>
        </test-method> <!-- verifyLogin -->
        <test-method signature="verifyLogin(java.lang.String,java.lang.String,java.lang.String)[pri:0, instance:com.mystore.testcases.TC_MyAccountPageTestDataDrivan@65c7a252]" started-at="2025-01-27T18:07:00 IST" name="verifyLogin" data-provider="LoginDataProvider" finished-at="2025-01-27T18:07:03 IST" duration-ms="3170" status="PASS">
          <params>
            <param index="0">
              <value>
                <![CDATA[Moreshwar]]>
              </value>
            </param>
            <param index="1">
              <value>
                <![CDATA[Ganesh123]]>
              </value>
            </param>
            <param index="2">
              <value>
                <![CDATA[Welcome back Moreshwar]]>
              </value>
            </param>
          </params>
          <reporter-output>
          </reporter-output>
        </test-method> <!-- verifyLogin -->
        <test-method is-config="true" signature="tearDown()[pri:0, instance:com.mystore.testcases.TC_MyAccountPageTestDataDrivan@65c7a252]" started-at="2025-01-27T18:07:03 IST" name="tearDown" finished-at="2025-01-27T18:07:05 IST" duration-ms="1536" status="PASS">
          <reporter-output>
          </reporter-output>
        </test-method> <!-- tearDown -->
      </class> <!-- com.mystore.testcases.TC_MyAccountPageTestDataDrivan -->
    </test> <!-- Test1 -->
  </suite> <!-- SuiteFirst -->
</testng-results>
