<?xml version="1.0" encoding="UTF-8"?>
<!-- Generated by org.testng.reporters.JUnitReportReporter -->
<testsuite hostname="DESKTOP-IQ2M59A" failures="0" tests="4" name="com.mystore.testcases.TC_MyAccountPageTestDataDrivan" time="34.675" errors="0" timestamp="2026-04-17T19:18:51 IST" skipped="2">
  <testcase classname="com.mystore.testcases.TC_MyAccountPageTestDataDrivan" name="verifyLogin" time="4.789"/>
  <testcase classname="com.mystore.testcases.TC_MyAccountPageTestDataDrivan" name="verifyLogin" time="29.886"/>
  <testcase classname="com.mystore.testcases.TC_MyAccountPageTestDataDrivan" name="VerifyUserregistrationandlogin">
    <skipped/>
  </testcase> <!-- VerifyUserregistrationandlogin -->
  <testcase classname="com.mystore.testcases.TC_MyAccountPageTestDataDrivan" name="Login">
    <skipped/>
  </testcase> <!-- Login -->
</testsuite> <!-- com.mystore.testcases.TC_MyAccountPageTestDataDrivan -->
